# JRE version: Java(TM) SE Runtime Environment (17.0.8+9) (build 17.0.8+9-LTS-211)
# Java VM: Java HotSpot(TM) 64-Bit Server VM (17.0.8+9-LTS-211, mixed mode, emulated-client, sharing, tiered, compressed oops, compressed class ptrs, g1 gc, windows-amd64)
GC Precious Log:
 CPUs: 16 total, 16 available
 Memory: 16108M
 Large Page Support: Disabled
 NUMA Support: Disabled
 Compressed Oops: Enabled (Zero based)
 Heap Region Size: 2M
 Heap Min Capacity: 8M
 Heap Initial Capacity: 252M
 Heap Max Capacity: 4028M
 Pre-touch: Disabled
 Parallel Workers: 13
 Concurrent Workers: 3
 Concurrent Refinement Workers: 13
 Periodic GC: Disabled
Heap:
 garbage-first heap   total 110592K, used 88437K [0x0000000704400000, 0x0000000800000000)
  region size 2048K, 32 young (65536K), 2 survivors (4096K)
 Metaspace       used 66587K, committed 67136K, reserved 1114112K
  class space    used 9585K, committed 9856K, reserved 1048576K
GC Heap History (20 events):
Event: 1.242 GC heap before
{Heap before GC invocations=3 (full 0):
 garbage-first heap   total 258048K, used 33191K [0x0000000704400000, 0x0000000800000000)
  region size 2048K, 13 young (26624K), 3 survivors (6144K)
 Metaspace       used 21255K, committed 21504K, reserved 1114112K
  class space    used 2762K, committed 2880K, reserved 1048576K
}
Event: 1.246 GC heap after
{Heap after GC invocations=4 (full 0):
 garbage-first heap   total 258048K, used 16877K [0x0000000704400000, 0x0000000800000000)
  region size 2048K, 4 young (8192K), 4 survivors (8192K)
 Metaspace       used 21255K, committed 21504K, reserved 1114112K
  class space    used 2762K, committed 2880K, reserved 1048576K
}
Event: 1.608 GC heap before
{Heap before GC invocations=5 (full 0):
 garbage-first heap   total 69632K, used 49645K [0x0000000704400000, 0x0000000800000000)
  region size 2048K, 20 young (40960K), 4 survivors (8192K)
 Metaspace       used 24263K, committed 24512K, reserved 1114112K
  class space    used 3238K, committed 3328K, reserved 1048576K
}
Event: 1.614 GC heap after
{Heap after GC invocations=6 (full 0):
 garbage-first heap   total 69632K, used 18631K [0x0000000704400000, 0x0000000800000000)
  region size 2048K, 2 young (4096K), 2 survivors (4096K)
 Metaspace       used 24263K, committed 24512K, reserved 1114112K
  class space    used 3238K, committed 3328K, reserved 1048576K
}
Event: 1.633 GC heap before
{Heap before GC invocations=6 (full 0):
 garbage-first heap   total 69632K, used 20679K [0x0000000704400000, 0x0000000800000000)
  region size 2048K, 3 young (6144K), 2 survivors (4096K)
 Metaspace       used 24537K, committed 24832K, reserved 1114112K
  class space    used 3301K, committed 3392K, reserved 1048576K
}
Event: 1.637 GC heap after
{Heap after GC invocations=7 (full 0):
 garbage-first heap   total 83968K, used 18983K [0x0000000704400000, 0x0000000800000000)
  region size 2048K, 1 young (2048K), 1 survivors (2048K)
 Metaspace       used 24537K, committed 24832K, reserved 1114112K
  class space    used 3301K, committed 3392K, reserved 1048576K
}
Event: 2.066 GC heap before
{Heap before GC invocations=7 (full 0):
 garbage-first heap   total 83968K, used 55847K [0x0000000704400000, 0x0000000800000000)
  region size 2048K, 19 young (38912K), 1 survivors (2048K)
 Metaspace       used 29682K, committed 30080K, reserved 1114112K
  class space    used 4160K, committed 4352K, reserved 1048576K
}
Event: 2.073 GC heap after
{Heap after GC invocations=8 (full 0):
 garbage-first heap   total 83968K, used 21163K [0x0000000704400000, 0x0000000800000000)
  region size 2048K, 2 young (4096K), 2 survivors (4096K)
 Metaspace       used 29682K, committed 30080K, reserved 1114112K
  class space    used 4160K, committed 4352K, reserved 1048576K
}
Event: 2.452 GC heap before
{Heap before GC invocations=8 (full 0):
 garbage-first heap   total 83968K, used 58027K [0x0000000704400000, 0x0000000800000000)
  region size 2048K, 20 young (40960K), 2 survivors (4096K)
 Metaspace       used 35450K, committed 35968K, reserved 1114112K
  class space    used 4949K, committed 5184K, reserved 1048576K
}
Event: 2.456 GC heap after
{Heap after GC invocations=9 (full 0):
 garbage-first heap   total 83968K, used 23440K [0x0000000704400000, 0x0000000800000000)
  region size 2048K, 3 young (6144K), 3 survivors (6144K)
 Metaspace       used 35450K, committed 35968K, reserved 1114112K
  class space    used 4949K, committed 5184K, reserved 1048576K
}
Event: 2.459 GC heap before
{Heap before GC invocations=9 (full 0):
 garbage-first heap   total 83968K, used 23440K [0x0000000704400000, 0x0000000800000000)
  region size 2048K, 4 young (8192K), 3 survivors (6144K)
 Metaspace       used 35502K, committed 35968K, reserved 1114112K
  class space    used 4961K, committed 5184K, reserved 1048576K
}
Event: 2.462 GC heap after
{Heap after GC invocations=10 (full 0):
 garbage-first heap   total 83968K, used 23675K [0x0000000704400000, 0x0000000800000000)
  region size 2048K, 2 young (4096K), 2 survivors (4096K)
 Metaspace       used 35502K, committed 35968K, reserved 1114112K
  class space    used 4961K, committed 5184K, reserved 1048576K
}
Event: 2.884 GC heap before
{Heap before GC invocations=11 (full 0):
 garbage-first heap   total 83968K, used 60539K [0x0000000704400000, 0x0000000800000000)
  region size 2048K, 20 young (40960K), 2 survivors (4096K)
 Metaspace       used 43797K, committed 44288K, reserved 1114112K
  class space    used 6121K, committed 6336K, reserved 1048576K
}
Event: 2.887 GC heap after
{Heap after GC invocations=12 (full 0):
 garbage-first heap   total 83968K, used 25981K [0x0000000704400000, 0x0000000800000000)
  region size 2048K, 3 young (6144K), 3 survivors (6144K)
 Metaspace       used 43797K, committed 44288K, reserved 1114112K
  class space    used 6121K, committed 6336K, reserved 1048576K
}
Event: 2.914 GC heap before
{Heap before GC invocations=12 (full 0):
 garbage-first heap   total 83968K, used 28029K [0x0000000704400000, 0x0000000800000000)
  region size 2048K, 4 young (8192K), 3 survivors (6144K)
 Metaspace       used 44066K, committed 44544K, reserved 1114112K
  class space    used 6172K, committed 6400K, reserved 1048576K
}
Event: 2.918 GC heap after
{Heap after GC invocations=13 (full 0):
 garbage-first heap   total 83968K, used 26247K [0x0000000704400000, 0x0000000800000000)
  region size 2048K, 1 young (2048K), 1 survivors (2048K)
 Metaspace       used 44066K, committed 44544K, reserved 1114112K
  class space    used 6172K, committed 6400K, reserved 1048576K
}
Event: 3.326 GC heap before
{Heap before GC invocations=13 (full 0):
 garbage-first heap   total 83968K, used 61063K [0x0000000704400000, 0x0000000800000000)
  region size 2048K, 18 young (36864K), 1 survivors (2048K)
 Metaspace       used 52248K, committed 52736K, reserved 1114112K
  class space    used 7492K, committed 7744K, reserved 1048576K
}
Event: 3.329 GC heap after
{Heap after GC invocations=14 (full 0):
 garbage-first heap   total 167936K, used 26888K [0x0000000704400000, 0x0000000800000000)
  region size 2048K, 1 young (2048K), 1 survivors (2048K)
 Metaspace       used 52248K, committed 52736K, reserved 1114112K
  class space    used 7492K, committed 7744K, reserved 1048576K
}
Event: 3.678 GC heap before
{Heap before GC invocations=14 (full 0):
 garbage-first heap   total 167936K, used 57608K [0x0000000704400000, 0x0000000800000000)
  region size 2048K, 17 young (34816K), 1 survivors (2048K)
 Metaspace       used 59643K, committed 60160K, reserved 1114112K
  class space    used 8476K, committed 8768K, reserved 1048576K
}
Event: 3.682 GC heap after
{Heap after GC invocations=15 (full 0):
 garbage-first heap   total 167936K, used 29045K [0x0000000704400000, 0x0000000800000000)
  region size 2048K, 2 young (4096K), 2 survivors (4096K)
 Metaspace       used 59643K, committed 60160K, reserved 1114112K
  class space    used 8476K, committed 8768K, reserved 1048576K
}

