# JRE version: Java(TM) SE Runtime Environment (17.0.8+9) (build 17.0.8+9-LTS-211)
# Java VM: Java HotSpot(TM) 64-Bit Server VM (17.0.8+9-LTS-211, mixed mode, emulated-client, sharing, tiered, compressed oops, compressed class ptrs, g1 gc, windows-amd64)
GC Precious Log:
 CPUs: 16 total, 16 available
 Memory: 16108M
 Large Page Support: Disabled
 NUMA Support: Disabled
 Compressed Oops: Enabled (Zero based)
 Heap Region Size: 2M
 Heap Min Capacity: 8M
 Heap Initial Capacity: 252M
 Heap Max Capacity: 4028M
 Pre-touch: Disabled
 Parallel Workers: 13
 Concurrent Workers: 3
 Concurrent Refinement Workers: 13
 Periodic GC: Disabled
Heap:
 garbage-first heap   total 110592K, used 86483K [0x0000000704400000, 0x0000000800000000)
  region size 2048K, 31 young (63488K), 2 survivors (4096K)
 Metaspace       used 66597K, committed 67136K, reserved 1114112K
  class space    used 9584K, committed 9856K, reserved 1048576K
GC Heap History (20 events):
Event: 1.079 GC heap before
{Heap before GC invocations=2 (full 0):
 garbage-first heap   total 258048K, used 54661K [0x0000000704400000, 0x0000000800000000)
  region size 2048K, 22 young (45056K), 1 survivors (2048K)
 Metaspace       used 18316K, committed 18560K, reserved 1114112K
  class space    used 2402K, committed 2496K, reserved 1048576K
}
Event: 1.084 GC heap after
{Heap after GC invocations=3 (full 0):
 garbage-first heap   total 258048K, used 14835K [0x0000000704400000, 0x0000000800000000)
  region size 2048K, 3 young (6144K), 3 survivors (6144K)
 Metaspace       used 18316K, committed 18560K, reserved 1114112K
  class space    used 2402K, committed 2496K, reserved 1048576K
}
Event: 1.272 GC heap before
{Heap before GC invocations=3 (full 0):
 garbage-first heap   total 258048K, used 33267K [0x0000000704400000, 0x0000000800000000)
  region size 2048K, 14 young (28672K), 3 survivors (6144K)
 Metaspace       used 21255K, committed 21504K, reserved 1114112K
  class space    used 2761K, committed 2880K, reserved 1048576K
}
Event: 1.277 GC heap after
{Heap after GC invocations=4 (full 0):
 garbage-first heap   total 258048K, used 16924K [0x0000000704400000, 0x0000000800000000)
  region size 2048K, 4 young (8192K), 4 survivors (8192K)
 Metaspace       used 21255K, committed 21504K, reserved 1114112K
  class space    used 2761K, committed 2880K, reserved 1048576K
}
Event: 1.646 GC heap before
{Heap before GC invocations=5 (full 0):
 garbage-first heap   total 69632K, used 49692K [0x0000000704400000, 0x0000000800000000)
  region size 2048K, 20 young (40960K), 4 survivors (8192K)
 Metaspace       used 24362K, committed 24640K, reserved 1114112K
  class space    used 3258K, committed 3392K, reserved 1048576K
}
Event: 1.652 GC heap after
{Heap after GC invocations=6 (full 0):
 garbage-first heap   total 83968K, used 18509K [0x0000000704400000, 0x0000000800000000)
  region size 2048K, 2 young (4096K), 2 survivors (4096K)
 Metaspace       used 24362K, committed 24640K, reserved 1114112K
  class space    used 3258K, committed 3392K, reserved 1048576K
}
Event: 1.673 GC heap before
{Heap before GC invocations=6 (full 0):
 garbage-first heap   total 83968K, used 20557K [0x0000000704400000, 0x0000000800000000)
  region size 2048K, 3 young (6144K), 2 survivors (4096K)
 Metaspace       used 24663K, committed 24960K, reserved 1114112K
  class space    used 3321K, committed 3456K, reserved 1048576K
}
Event: 1.677 GC heap after
{Heap after GC invocations=7 (full 0):
 garbage-first heap   total 83968K, used 19117K [0x0000000704400000, 0x0000000800000000)
  region size 2048K, 1 young (2048K), 1 survivors (2048K)
 Metaspace       used 24663K, committed 24960K, reserved 1114112K
  class space    used 3321K, committed 3456K, reserved 1048576K
}
Event: 2.154 GC heap before
{Heap before GC invocations=7 (full 0):
 garbage-first heap   total 83968K, used 55981K [0x0000000704400000, 0x0000000800000000)
  region size 2048K, 19 young (38912K), 1 survivors (2048K)
 Metaspace       used 29812K, committed 30208K, reserved 1114112K
  class space    used 4166K, committed 4352K, reserved 1048576K
}
Event: 2.161 GC heap after
{Heap after GC invocations=8 (full 0):
 garbage-first heap   total 83968K, used 21390K [0x0000000704400000, 0x0000000800000000)
  region size 2048K, 2 young (4096K), 2 survivors (4096K)
 Metaspace       used 29812K, committed 30208K, reserved 1114112K
  class space    used 4166K, committed 4352K, reserved 1048576K
}
Event: 2.565 GC heap before
{Heap before GC invocations=8 (full 0):
 garbage-first heap   total 83968K, used 58254K [0x0000000704400000, 0x0000000800000000)
  region size 2048K, 20 young (40960K), 2 survivors (4096K)
 Metaspace       used 35551K, committed 35968K, reserved 1114112K
  class space    used 4964K, committed 5184K, reserved 1048576K
}
Event: 2.568 GC heap after
{Heap after GC invocations=9 (full 0):
 garbage-first heap   total 83968K, used 23628K [0x0000000704400000, 0x0000000800000000)
  region size 2048K, 3 young (6144K), 3 survivors (6144K)
 Metaspace       used 35551K, committed 35968K, reserved 1114112K
  class space    used 4964K, committed 5184K, reserved 1048576K
}
Event: 2.570 GC heap before
{Heap before GC invocations=9 (full 0):
 garbage-first heap   total 83968K, used 23628K [0x0000000704400000, 0x0000000800000000)
  region size 2048K, 4 young (8192K), 3 survivors (6144K)
 Metaspace       used 35570K, committed 35968K, reserved 1114112K
  class space    used 4965K, committed 5184K, reserved 1048576K
}
Event: 2.574 GC heap after
{Heap after GC invocations=10 (full 0):
 garbage-first heap   total 83968K, used 23764K [0x0000000704400000, 0x0000000800000000)
  region size 2048K, 2 young (4096K), 2 survivors (4096K)
 Metaspace       used 35570K, committed 35968K, reserved 1114112K
  class space    used 4965K, committed 5184K, reserved 1048576K
}
Event: 3.030 GC heap before
{Heap before GC invocations=11 (full 0):
 garbage-first heap   total 83968K, used 60628K [0x0000000704400000, 0x0000000800000000)
  region size 2048K, 20 young (40960K), 2 survivors (4096K)
 Metaspace       used 43848K, committed 44288K, reserved 1114112K
  class space    used 6131K, committed 6336K, reserved 1048576K
}
Event: 3.033 GC heap after
{Heap after GC invocations=12 (full 0):
 garbage-first heap   total 139264K, used 26210K [0x0000000704400000, 0x0000000800000000)
  region size 2048K, 3 young (6144K), 3 survivors (6144K)
 Metaspace       used 43848K, committed 44288K, reserved 1114112K
  class space    used 6131K, committed 6336K, reserved 1048576K
}
Event: 3.060 GC heap before
{Heap before GC invocations=12 (full 0):
 garbage-first heap   total 139264K, used 28258K [0x0000000704400000, 0x0000000800000000)
  region size 2048K, 4 young (8192K), 3 survivors (6144K)
 Metaspace       used 44169K, committed 44672K, reserved 1114112K
  class space    used 6181K, committed 6400K, reserved 1048576K
}
Event: 3.064 GC heap after
{Heap after GC invocations=13 (full 0):
 garbage-first heap   total 139264K, used 26317K [0x0000000704400000, 0x0000000800000000)
  region size 2048K, 1 young (2048K), 1 survivors (2048K)
 Metaspace       used 44169K, committed 44672K, reserved 1114112K
  class space    used 6181K, committed 6400K, reserved 1048576K
}
Event: 3.851 GC heap before
{Heap before GC invocations=13 (full 0):
 garbage-first heap   total 139264K, used 91853K [0x0000000704400000, 0x0000000800000000)
  region size 2048K, 34 young (69632K), 1 survivors (2048K)
 Metaspace       used 59596K, committed 60096K, reserved 1114112K
  class space    used 8468K, committed 8704K, reserved 1048576K
}
Event: 3.854 GC heap after
{Heap after GC invocations=14 (full 0):
 garbage-first heap   total 139264K, used 29139K [0x0000000704400000, 0x0000000800000000)
  region size 2048K, 2 young (4096K), 2 survivors (4096K)
 Metaspace       used 59596K, committed 60096K, reserved 1114112K
  class space    used 8468K, committed 8704K, reserved 1048576K
}

