# JRE version: Java(TM) SE Runtime Environment (17.0.8+9) (build 17.0.8+9-LTS-211)
# Java VM: Java HotSpot(TM) 64-Bit Server VM (17.0.8+9-LTS-211, mixed mode, emulated-client, sharing, tiered, compressed oops, compressed class ptrs, g1 gc, windows-amd64)
GC Precious Log:
 CPUs: 16 total, 16 available
 Memory: 16108M
 Large Page Support: Disabled
 NUMA Support: Disabled
 Compressed Oops: Enabled (Zero based)
 Heap Region Size: 2M
 Heap Min Capacity: 8M
 Heap Initial Capacity: 252M
 Heap Max Capacity: 4028M
 Pre-touch: Disabled
 Parallel Workers: 13
 Concurrent Workers: 3
 Concurrent Refinement Workers: 13
 Periodic GC: Disabled
Heap:
 garbage-first heap   total 110592K, used 52280K [0x0000000704400000, 0x0000000800000000)
  region size 2048K, 13 young (26624K), 3 survivors (6144K)
 Metaspace       used 66587K, committed 67136K, reserved 1114112K
  class space    used 9587K, committed 9856K, reserved 1048576K
GC Heap History (20 events):
Event: 1.048 GC heap before
{Heap before GC invocations=2 (full 0):
 garbage-first heap   total 258048K, used 59635K [0x0000000704400000, 0x0000000800000000)
  region size 2048K, 24 young (49152K), 1 survivors (2048K)
 Metaspace       used 19310K, committed 19584K, reserved 1114112K
  class space    used 2540K, committed 2688K, reserved 1048576K
}
Event: 1.052 GC heap after
{Heap after GC invocations=3 (full 0):
 garbage-first heap   total 258048K, used 15990K [0x0000000704400000, 0x0000000800000000)
  region size 2048K, 3 young (6144K), 3 survivors (6144K)
 Metaspace       used 19310K, committed 19584K, reserved 1114112K
  class space    used 2540K, committed 2688K, reserved 1048576K
}
Event: 1.166 GC heap before
{Heap before GC invocations=3 (full 0):
 garbage-first heap   total 258048K, used 30326K [0x0000000704400000, 0x0000000800000000)
  region size 2048K, 11 young (22528K), 3 survivors (6144K)
 Metaspace       used 21255K, committed 21504K, reserved 1114112K
  class space    used 2763K, committed 2880K, reserved 1048576K
}
Event: 1.169 GC heap after
{Heap after GC invocations=4 (full 0):
 garbage-first heap   total 258048K, used 17685K [0x0000000704400000, 0x0000000800000000)
  region size 2048K, 4 young (8192K), 4 survivors (8192K)
 Metaspace       used 21255K, committed 21504K, reserved 1114112K
  class space    used 2763K, committed 2880K, reserved 1048576K
}
Event: 1.586 GC heap before
{Heap before GC invocations=5 (full 0):
 garbage-first heap   total 75776K, used 54549K [0x0000000704400000, 0x0000000800000000)
  region size 2048K, 22 young (45056K), 4 survivors (8192K)
 Metaspace       used 24870K, committed 25216K, reserved 1114112K
  class space    used 3373K, committed 3520K, reserved 1048576K
}
Event: 1.592 GC heap after
{Heap after GC invocations=6 (full 0):
 garbage-first heap   total 75776K, used 19702K [0x0000000704400000, 0x0000000800000000)
  region size 2048K, 2 young (4096K), 2 survivors (4096K)
 Metaspace       used 24870K, committed 25216K, reserved 1114112K
  class space    used 3373K, committed 3520K, reserved 1048576K
}
Event: 1.975 GC heap before
{Heap before GC invocations=6 (full 0):
 garbage-first heap   total 75776K, used 46326K [0x0000000704400000, 0x0000000800000000)
  region size 2048K, 16 young (32768K), 2 survivors (4096K)
 Metaspace       used 28885K, committed 29312K, reserved 1114112K
  class space    used 4060K, committed 4288K, reserved 1048576K
}
Event: 1.981 GC heap after
{Heap after GC invocations=7 (full 0):
 garbage-first heap   total 92160K, used 21996K [0x0000000704400000, 0x0000000800000000)
  region size 2048K, 2 young (4096K), 2 survivors (4096K)
 Metaspace       used 28885K, committed 29312K, reserved 1114112K
  class space    used 4060K, committed 4288K, reserved 1048576K
}
Event: 2.438 GC heap before
{Heap before GC invocations=7 (full 0):
 garbage-first heap   total 92160K, used 62956K [0x0000000704400000, 0x0000000800000000)
  region size 2048K, 22 young (45056K), 2 survivors (4096K)
 Metaspace       used 35036K, committed 35520K, reserved 1114112K
  class space    used 4877K, committed 5120K, reserved 1048576K
}
Event: 2.442 GC heap after
{Heap after GC invocations=8 (full 0):
 garbage-first heap   total 92160K, used 24323K [0x0000000704400000, 0x0000000800000000)
  region size 2048K, 3 young (6144K), 3 survivors (6144K)
 Metaspace       used 35036K, committed 35520K, reserved 1114112K
  class space    used 4877K, committed 5120K, reserved 1048576K
}
Event: 2.465 GC heap before
{Heap before GC invocations=8 (full 0):
 garbage-first heap   total 92160K, used 26371K [0x0000000704400000, 0x0000000800000000)
  region size 2048K, 5 young (10240K), 3 survivors (6144K)
 Metaspace       used 35502K, committed 35968K, reserved 1114112K
  class space    used 4961K, committed 5184K, reserved 1048576K
}
Event: 2.469 GC heap after
{Heap after GC invocations=9 (full 0):
 garbage-first heap   total 92160K, used 24532K [0x0000000704400000, 0x0000000800000000)
  region size 2048K, 2 young (4096K), 2 survivors (4096K)
 Metaspace       used 35502K, committed 35968K, reserved 1114112K
  class space    used 4961K, committed 5184K, reserved 1048576K
}
Event: 2.950 GC heap before
{Heap before GC invocations=10 (full 0):
 garbage-first heap   total 92160K, used 65492K [0x0000000704400000, 0x0000000800000000)
  region size 2048K, 22 young (45056K), 2 survivors (4096K)
 Metaspace       used 44486K, committed 44992K, reserved 1114112K
  class space    used 6219K, committed 6464K, reserved 1048576K
}
Event: 2.952 GC heap after
{Heap after GC invocations=11 (full 0):
 garbage-first heap   total 92160K, used 27281K [0x0000000704400000, 0x0000000800000000)
  region size 2048K, 3 young (6144K), 3 survivors (6144K)
 Metaspace       used 44486K, committed 44992K, reserved 1114112K
  class space    used 6219K, committed 6464K, reserved 1048576K
}
Event: 3.412 GC heap before
{Heap before GC invocations=11 (full 0):
 garbage-first heap   total 92160K, used 66193K [0x0000000704400000, 0x0000000800000000)
  region size 2048K, 22 young (45056K), 3 survivors (6144K)
 Metaspace       used 53516K, committed 54016K, reserved 1114112K
  class space    used 7697K, committed 7936K, reserved 1048576K
}
Event: 3.417 GC heap after
{Heap after GC invocations=12 (full 0):
 garbage-first heap   total 92160K, used 28639K [0x0000000704400000, 0x0000000800000000)
  region size 2048K, 3 young (6144K), 3 survivors (6144K)
 Metaspace       used 53516K, committed 54016K, reserved 1114112K
  class space    used 7697K, committed 7936K, reserved 1048576K
}
Event: 3.735 GC heap before
{Heap before GC invocations=12 (full 0):
 garbage-first heap   total 92160K, used 55263K [0x0000000704400000, 0x0000000800000000)
  region size 2048K, 17 young (34816K), 3 survivors (6144K)
 Metaspace       used 59725K, committed 60160K, reserved 1114112K
  class space    used 8493K, committed 8704K, reserved 1048576K
}
Event: 3.740 GC heap after
{Heap after GC invocations=13 (full 0):
 garbage-first heap   total 92160K, used 30924K [0x0000000704400000, 0x0000000800000000)
  region size 2048K, 2 young (4096K), 2 survivors (4096K)
 Metaspace       used 59725K, committed 60160K, reserved 1114112K
  class space    used 8493K, committed 8704K, reserved 1048576K
}
Event: 4.144 GC heap before
{Heap before GC invocations=14 (full 0):
 garbage-first heap   total 92160K, used 69836K [0x0000000704400000, 0x0000000800000000)
  region size 2048K, 21 young (43008K), 2 survivors (4096K)
 Metaspace       used 63882K, committed 64384K, reserved 1114112K
  class space    used 9209K, committed 9472K, reserved 1048576K
}
Event: 4.148 GC heap after
{Heap after GC invocations=15 (full 0):
 garbage-first heap   total 110592K, used 33848K [0x0000000704400000, 0x0000000800000000)
  region size 2048K, 3 young (6144K), 3 survivors (6144K)
 Metaspace       used 63882K, committed 64384K, reserved 1114112K
  class space    used 9209K, committed 9472K, reserved 1048576K
}

