# JRE version: Java(TM) SE Runtime Environment (17.0.8+9) (build 17.0.8+9-LTS-211)
# Java VM: Java HotSpot(TM) 64-Bit Server VM (17.0.8+9-LTS-211, mixed mode, emulated-client, sharing, tiered, compressed oops, compressed class ptrs, g1 gc, windows-amd64)
GC Precious Log:
 CPUs: 16 total, 16 available
 Memory: 16108M
 Large Page Support: Disabled
 NUMA Support: Disabled
 Compressed Oops: Enabled (Zero based)
 Heap Region Size: 2M
 Heap Min Capacity: 8M
 Heap Initial Capacity: 252M
 Heap Max Capacity: 4028M
 Pre-touch: Disabled
 Parallel Workers: 13
 Concurrent Workers: 3
 Concurrent Refinement Workers: 13
 Periodic GC: Disabled
Heap:
 garbage-first heap   total 90112K, used 50564K [0x0000000704400000, 0x0000000800000000)
  region size 2048K, 13 young (26624K), 3 survivors (6144K)
 Metaspace       used 66586K, committed 67136K, reserved 1114112K
  class space    used 9584K, committed 9856K, reserved 1048576K
GC Heap History (20 events):
Event: 1.125 GC heap before
{Heap before GC invocations=2 (full 0):
 garbage-first heap   total 258048K, used 58930K [0x0000000704400000, 0x0000000800000000)
  region size 2048K, 25 young (51200K), 1 survivors (2048K)
 Metaspace       used 19500K, committed 19712K, reserved 1114112K
  class space    used 2569K, committed 2688K, reserved 1048576K
}
Event: 1.129 GC heap after
{Heap after GC invocations=3 (full 0):
 garbage-first heap   total 258048K, used 15624K [0x0000000704400000, 0x0000000800000000)
  region size 2048K, 3 young (6144K), 3 survivors (6144K)
 Metaspace       used 19500K, committed 19712K, reserved 1114112K
  class space    used 2569K, committed 2688K, reserved 1048576K
}
Event: 1.193 GC heap before
{Heap before GC invocations=3 (full 0):
 garbage-first heap   total 258048K, used 27912K [0x0000000704400000, 0x0000000800000000)
  region size 2048K, 10 young (20480K), 3 survivors (6144K)
 Metaspace       used 21255K, committed 21504K, reserved 1114112K
  class space    used 2763K, committed 2880K, reserved 1048576K
}
Event: 1.197 GC heap after
{Heap after GC invocations=4 (full 0):
 garbage-first heap   total 258048K, used 17123K [0x0000000704400000, 0x0000000800000000)
  region size 2048K, 4 young (8192K), 4 survivors (8192K)
 Metaspace       used 21255K, committed 21504K, reserved 1114112K
  class space    used 2763K, committed 2880K, reserved 1048576K
}
Event: 1.641 GC heap before
{Heap before GC invocations=5 (full 0):
 garbage-first heap   total 75776K, used 53987K [0x0000000704400000, 0x0000000800000000)
  region size 2048K, 23 young (47104K), 4 survivors (8192K)
 Metaspace       used 25170K, committed 25472K, reserved 1114112K
  class space    used 3448K, committed 3584K, reserved 1048576K
}
Event: 1.646 GC heap after
{Heap after GC invocations=6 (full 0):
 garbage-first heap   total 75776K, used 18631K [0x0000000704400000, 0x0000000800000000)
  region size 2048K, 4 young (8192K), 4 survivors (8192K)
 Metaspace       used 25170K, committed 25472K, reserved 1114112K
  class space    used 3448K, committed 3584K, reserved 1048576K
}
Event: 1.671 GC heap before
{Heap before GC invocations=6 (full 0):
 garbage-first heap   total 75776K, used 18631K [0x0000000704400000, 0x0000000800000000)
  region size 2048K, 5 young (10240K), 4 survivors (8192K)
 Metaspace       used 25344K, committed 25600K, reserved 1114112K
  class space    used 3478K, committed 3584K, reserved 1048576K
}
Event: 1.678 GC heap after
{Heap after GC invocations=7 (full 0):
 garbage-first heap   total 75776K, used 19788K [0x0000000704400000, 0x0000000800000000)
  region size 2048K, 1 young (2048K), 1 survivors (2048K)
 Metaspace       used 25344K, committed 25600K, reserved 1114112K
  class space    used 3478K, committed 3584K, reserved 1048576K
}
Event: 2.049 GC heap before
{Heap before GC invocations=7 (full 0):
 garbage-first heap   total 75776K, used 50508K [0x0000000704400000, 0x0000000800000000)
  region size 2048K, 16 young (32768K), 1 survivors (2048K)
 Metaspace       used 29783K, committed 30144K, reserved 1114112K
  class space    used 4167K, committed 4352K, reserved 1048576K
}
Event: 2.054 GC heap after
{Heap after GC invocations=8 (full 0):
 garbage-first heap   total 141312K, used 21358K [0x0000000704400000, 0x0000000800000000)
  region size 2048K, 2 young (4096K), 2 survivors (4096K)
 Metaspace       used 29783K, committed 30144K, reserved 1114112K
  class space    used 4167K, committed 4352K, reserved 1048576K
}
Event: 2.455 GC heap before
{Heap before GC invocations=8 (full 0):
 garbage-first heap   total 141312K, used 58222K [0x0000000704400000, 0x0000000800000000)
  region size 2048K, 21 young (43008K), 2 survivors (4096K)
 Metaspace       used 35502K, committed 35968K, reserved 1114112K
  class space    used 4961K, committed 5184K, reserved 1048576K
}
Event: 2.459 GC heap after
{Heap after GC invocations=9 (full 0):
 garbage-first heap   total 141312K, used 23398K [0x0000000704400000, 0x0000000800000000)
  region size 2048K, 3 young (6144K), 3 survivors (6144K)
 Metaspace       used 35502K, committed 35968K, reserved 1114112K
  class space    used 4961K, committed 5184K, reserved 1048576K
}
Event: 3.022 GC heap before
{Heap before GC invocations=10 (full 0):
 garbage-first heap   total 90112K, used 72550K [0x0000000704400000, 0x0000000800000000)
  region size 2048K, 28 young (57344K), 3 survivors (6144K)
 Metaspace       used 46240K, committed 46720K, reserved 1114112K
  class space    used 6462K, committed 6720K, reserved 1048576K
}
Event: 3.028 GC heap after
{Heap after GC invocations=11 (full 0):
 garbage-first heap   total 90112K, used 26830K [0x0000000704400000, 0x0000000800000000)
  region size 2048K, 5 young (10240K), 5 survivors (10240K)
 Metaspace       used 46240K, committed 46720K, reserved 1114112K
  class space    used 6462K, committed 6720K, reserved 1048576K
}
Event: 3.500 GC heap before
{Heap before GC invocations=11 (full 0):
 garbage-first heap   total 90112K, used 65742K [0x0000000704400000, 0x0000000800000000)
  region size 2048K, 24 young (49152K), 5 survivors (10240K)
 Metaspace       used 55018K, committed 55488K, reserved 1114112K
  class space    used 7903K, committed 8128K, reserved 1048576K
}
Event: 3.505 GC heap after
{Heap after GC invocations=12 (full 0):
 garbage-first heap   total 90112K, used 28606K [0x0000000704400000, 0x0000000800000000)
  region size 2048K, 2 young (4096K), 2 survivors (4096K)
 Metaspace       used 55018K, committed 55488K, reserved 1114112K
  class space    used 7903K, committed 8128K, reserved 1048576K
}
Event: 3.700 GC heap before
{Heap before GC invocations=12 (full 0):
 garbage-first heap   total 90112K, used 44990K [0x0000000704400000, 0x0000000800000000)
  region size 2048K, 11 young (22528K), 2 survivors (4096K)
 Metaspace       used 59721K, committed 60160K, reserved 1114112K
  class space    used 8490K, committed 8704K, reserved 1048576K
}
Event: 3.703 GC heap after
{Heap after GC invocations=13 (full 0):
 garbage-first heap   total 90112K, used 29495K [0x0000000704400000, 0x0000000800000000)
  region size 2048K, 2 young (4096K), 2 survivors (4096K)
 Metaspace       used 59721K, committed 60160K, reserved 1114112K
  class space    used 8490K, committed 8704K, reserved 1048576K
}
Event: 4.101 GC heap before
{Heap before GC invocations=14 (full 0):
 garbage-first heap   total 90112K, used 66359K [0x0000000704400000, 0x0000000800000000)
  region size 2048K, 20 young (40960K), 2 survivors (4096K)
 Metaspace       used 63664K, committed 64192K, reserved 1114112K
  class space    used 9169K, committed 9408K, reserved 1048576K
}
Event: 4.105 GC heap after
{Heap after GC invocations=15 (full 0):
 garbage-first heap   total 90112K, used 32132K [0x0000000704400000, 0x0000000800000000)
  region size 2048K, 3 young (6144K), 3 survivors (6144K)
 Metaspace       used 63664K, committed 64192K, reserved 1114112K
  class space    used 9169K, committed 9408K, reserved 1048576K
}

